-------------------------------------------------------------------------------
Test set: application.DemoTest
-------------------------------------------------------------------------------
Tests run: 3, Failures: 0, Errors: 3, Skipped: 0, Time elapsed: 4.965 s <<< FAILURE! - in application.DemoTest
testGraph  Time elapsed: 0 s  <<< ERROR!
java.lang.IllegalStateException: Failed to load ApplicationContext
Caused by: org.springframework.beans.factory.BeanCreationException: Error creating bean with name 'graphController' defined in file [F:\code\java\secure\project\web\target\classes\application\controller\GraphController.class]: Instantiation of bean failed; nested exception is org.springframework.beans.BeanInstantiationException: Failed to instantiate [application.controller.GraphController]: Constructor threw exception; nested exception is java.lang.ExceptionInInitializerError
Caused by: org.springframework.beans.BeanInstantiationException: Failed to instantiate [application.controller.GraphController]: Constructor threw exception; nested exception is java.lang.ExceptionInInitializerError
Caused by: java.lang.ExceptionInInitializerError
Caused by: org.apache.ibatis.exceptions.PersistenceException: 

### Error building SqlSession.
### The error may exist in map/SingleTestMapper.xml
### The error occurred while processing mapper_resultMap[BaseResultMap]
### Cause: org.apache.ibatis.builder.BuilderException: Error parsing SQL Mapper Configuration. Cause: java.io.IOException: Could not find resource map/SingleTestMapper.xml
Caused by: org.apache.ibatis.builder.BuilderException: Error parsing SQL Mapper Configuration. Cause: java.io.IOException: Could not find resource map/SingleTestMapper.xml
Caused by: java.io.IOException: Could not find resource map/SingleTestMapper.xml

testMybatis  Time elapsed: 0 s  <<< ERROR!
java.lang.IllegalStateException: Failed to load ApplicationContext
Caused by: org.springframework.beans.factory.BeanCreationException: Error creating bean with name 'graphController' defined in file [F:\code\java\secure\project\web\target\classes\application\controller\GraphController.class]: Instantiation of bean failed; nested exception is org.springframework.beans.BeanInstantiationException: Failed to instantiate [application.controller.GraphController]: Constructor threw exception; nested exception is java.lang.NoClassDefFoundError: Could not initialize class com.loop0day.security.tool.MapTool
Caused by: org.springframework.beans.BeanInstantiationException: Failed to instantiate [application.controller.GraphController]: Constructor threw exception; nested exception is java.lang.NoClassDefFoundError: Could not initialize class com.loop0day.security.tool.MapTool
Caused by: java.lang.NoClassDefFoundError: Could not initialize class com.loop0day.security.tool.MapTool

testConfig  Time elapsed: 0 s  <<< ERROR!
java.lang.IllegalStateException: Failed to load ApplicationContext
Caused by: org.springframework.beans.factory.BeanCreationException: Error creating bean with name 'graphController' defined in file [F:\code\java\secure\project\web\target\classes\application\controller\GraphController.class]: Instantiation of bean failed; nested exception is org.springframework.beans.BeanInstantiationException: Failed to instantiate [application.controller.GraphController]: Constructor threw exception; nested exception is java.lang.NoClassDefFoundError: Could not initialize class com.loop0day.security.tool.MapTool
Caused by: org.springframework.beans.BeanInstantiationException: Failed to instantiate [application.controller.GraphController]: Constructor threw exception; nested exception is java.lang.NoClassDefFoundError: Could not initialize class com.loop0day.security.tool.MapTool
Caused by: java.lang.NoClassDefFoundError: Could not initialize class com.loop0day.security.tool.MapTool

