<?xml version="1.0" encoding="UTF-8"?>
<testsuite xmlns:xsi="http://www.w3.org/2001/XMLSchema-instance" xsi:noNamespaceSchemaLocation="https://maven.apache.org/surefire/maven-surefire-plugin/xsd/surefire-test-report.xsd" name="application.DemoTest" time="7.066" tests="3" errors="1" skipped="0" failures="0">
  <properties>
[...]
</properties>
  <testcase name="testGraph" classname="application.DemoTest" time="0.373">
    <error message="系统找不到指定的路径。" type="java.io.IOException">java.io.IOException: 系统找不到指定的路径。
	at application.DemoTest.testGraph(Test.java:47)
</error>
    <system-out><![CDATA[11:23:19.287 [main] DEBUG org.springframework.test.context.BootstrapUtils - Instantiating CacheAwareContextLoaderDelegate from class [org.springframework.test.context.cache.DefaultCacheAwareContextLoaderDelegate]
11:23:19.300 [main] DEBUG org.springframework.test.context.BootstrapUtils - Instantiating BootstrapContext using constructor [public org.springframework.test.context.support.DefaultBootstrapContext(java.lang.Class,org.springframework.test.context.CacheAwareContextLoaderDelegate)]
11:23:19.331 [main] DEBUG org.springframework.test.context.BootstrapUtils - Instantiating TestContextBootstrapper for test class [application.DemoTest] from class [org.springframework.boot.test.context.SpringBootTestContextBootstrapper]
11:23:19.349 [main] INFO org.springframework.boot.test.context.SpringBootTestContextBootstrapper - Neither @ContextConfiguration nor @ContextHierarchy found for test class [application.DemoTest], using SpringBootContextLoader
11:23:19.353 [main] DEBUG org.springframework.test.context.support.AbstractContextLoader - Did not detect default resource location for test class [application.DemoTest]: class path resource [application/DemoTest-context.xml] does not exist
11:23:19.354 [main] DEBUG org.springframework.test.context.support.AbstractContextLoader - Did not detect default resource location for test class [application.DemoTest]: class path resource [application/DemoTestContext.groovy] does not exist
11:23:19.354 [main] INFO org.springframework.test.context.support.AbstractContextLoader - Could not detect default resource locations for test class [application.DemoTest]: no resource found for suffixes {-context.xml, Context.groovy}.
11:23:19.355 [main] INFO org.springframework.test.context.support.AnnotationConfigContextLoaderUtils - Could not detect default configuration classes for test class [application.DemoTest]: DemoTest does not declare any static, non-private, non-final, nested classes annotated with @Configuration.
11:23:19.404 [main] DEBUG org.springframework.test.context.support.ActiveProfilesUtils - Could not find an 'annotation declaring class' for annotation type [org.springframework.test.context.ActiveProfiles] and class [application.DemoTest]
11:23:19.493 [main] DEBUG org.springframework.context.annotation.ClassPathScanningCandidateComponentProvider - Identified candidate component class: file [F:\code\java\信息安全实验\project\web\target\classes\application\DemoApplication.class]
11:23:19.495 [main] INFO org.springframework.boot.test.context.SpringBootTestContextBootstrapper - Found @SpringBootConfiguration application.DemoApplication for test class application.DemoTest
11:23:19.689 [main] DEBUG org.springframework.boot.test.context.SpringBootTestContextBootstrapper - @TestExecutionListeners is not present for class [application.DemoTest]: using defaults.
11:23:19.691 [main] INFO org.springframework.boot.test.context.SpringBootTestContextBootstrapper - Loaded default TestExecutionListener class names from location [META-INF/spring.factories]: [org.springframework.boot.test.mock.mockito.MockitoTestExecutionListener, org.springframework.boot.test.mock.mockito.ResetMocksTestExecutionListener, org.springframework.boot.test.autoconfigure.restdocs.RestDocsTestExecutionListener, org.springframework.boot.test.autoconfigure.web.client.MockRestServiceServerResetTestExecutionListener, org.springframework.boot.test.autoconfigure.web.servlet.MockMvcPrintOnlyOnFailureTestExecutionListener, org.springframework.boot.test.autoconfigure.web.servlet.WebDriverTestExecutionListener, org.springframework.test.context.web.ServletTestExecutionListener, org.springframework.test.context.support.DirtiesContextBeforeModesTestExecutionListener, org.springframework.test.context.support.DependencyInjectionTestExecutionListener, org.springframework.test.context.support.DirtiesContextTestExecutionListener, org.springframework.test.context.transaction.TransactionalTestExecutionListener, org.springframework.test.context.jdbc.SqlScriptsTestExecutionListener, org.springframework.test.context.event.EventPublishingTestExecutionListener]
11:23:19.718 [main] INFO org.springframework.boot.test.context.SpringBootTestContextBootstrapper - Using TestExecutionListeners: [org.springframework.test.context.web.ServletTestExecutionListener@3697186, org.springframework.test.context.support.DirtiesContextBeforeModesTestExecutionListener@1583741e, org.springframework.boot.test.mock.mockito.MockitoTestExecutionListener@5b367418, org.springframework.boot.test.autoconfigure.SpringBootDependencyInjectionTestExecutionListener@36060e, org.springframework.test.context.support.DirtiesContextTestExecutionListener@481ba2cf, org.springframework.test.context.transaction.TransactionalTestExecutionListener@46b61c56, org.springframework.test.context.jdbc.SqlScriptsTestExecutionListener@2e48362c, org.springframework.test.context.event.EventPublishingTestExecutionListener@1efe439d, org.springframework.boot.test.mock.mockito.ResetMocksTestExecutionListener@be68757, org.springframework.boot.test.autoconfigure.restdocs.RestDocsTestExecutionListener@7d446ed1, org.springframework.boot.test.autoconfigure.web.client.MockRestServiceServerResetTestExecutionListener@12d2ce03, org.springframework.boot.test.autoconfigure.web.servlet.MockMvcPrintOnlyOnFailureTestExecutionListener@7e5c856f, org.springframework.boot.test.autoconfigure.web.servlet.WebDriverTestExecutionListener@413f69cc]
11:23:19.724 [main] DEBUG org.springframework.test.context.support.AbstractDirtiesContextTestExecutionListener - Before test class: context [DefaultTestContext@7164ca4c testClass = DemoTest, testInstance = [null], testMethod = [null], testException = [null], mergedContextConfiguration = [WebMergedContextConfiguration@4f3bbf68 testClass = DemoTest, locations = '{}', classes = '{class application.DemoApplication}', contextInitializerClasses = '[]', activeProfiles = '{}', propertySourceLocations = '{}', propertySourceProperties = '{org.springframework.boot.test.context.SpringBootTestContextBootstrapper=true}', contextCustomizers = set[org.springframework.boot.test.context.filter.ExcludeFilterContextCustomizer@3d6f0054, org.springframework.boot.test.json.DuplicateJsonObjectContextCustomizerFactory$DuplicateJsonObjectContextCustomizer@4efc180e, org.springframework.boot.test.mock.mockito.MockitoContextCustomizer@0, org.springframework.boot.test.web.client.TestRestTemplateContextCustomizer@22ef9844, org.springframework.boot.test.autoconfigure.properties.PropertyMappingContextCustomizer@0, org.springframework.boot.test.autoconfigure.web.servlet.WebDriverContextCustomizerFactory$Customizer@342c38f8], resourceBasePath = 'src/main/webapp', contextLoader = 'org.springframework.boot.test.context.SpringBootContextLoader', parent = [null]], attributes = map['org.springframework.test.context.web.ServletTestExecutionListener.activateListener' -> true]], class annotated with @DirtiesContext [false] with mode [null].
11:23:19.762 [main] DEBUG org.springframework.test.context.support.TestPropertySourceUtils - Adding inlined properties to environment: {spring.jmx.enabled=false, org.springframework.boot.test.context.SpringBootTestContextBootstrapper=true, server.port=-1}

  .   ____          _            __ _ _
 /\\ / ___'_ __ _ _(_)_ __  __ _ \ \ \ \
( ( )\___ | '_ | '_| | '_ \/ _` | \ \ \ \
 \\/  ___)| |_)| | | | | || (_| |  ) ) ) )
  '  |____| .__|_| |_|_| |_\__, | / / / /
 =========|_|==============|___/=/_/_/_/
 :: Spring Boot ::        (v2.2.6.RELEASE)

6月-04 11:23 INFO  a.DemoTest - Starting DemoTest on XIAOZHI-WINPC with PID 1076 (started by xiaozhi in F:\code\java\信息安全实验\project\web)
6月-04 11:23 INFO  a.DemoTest - No active profile set, falling back to default profiles: default
6月-04 11:23 INFO  o.s.d.r.c.RepositoryConfigurationDelegate - Bootstrapping Spring Data JPA repositories in DEFAULT mode.
6月-04 11:23 INFO  o.s.d.r.c.RepositoryConfigurationDelegate - Finished Spring Data repository scanning in 15ms. Found 0 JPA repository interfaces.
6月-04 11:23 INFO  c.z.h.HikariDataSource - HikariPool-1 - Starting...
6月-04 11:23 INFO  c.z.h.HikariDataSource - HikariPool-1 - Start completed.
6月-04 11:23 INFO  o.h.j.i.u.LogHelper - HHH000204: Processing PersistenceUnitInfo [name: default]
6月-04 11:23 INFO  o.h.Version - HHH000412: Hibernate ORM core version 5.4.12.Final
6月-04 11:23 INFO  o.h.a.c.Version - HCANN000001: Hibernate Commons Annotations {5.1.0.Final}
6月-04 11:23 INFO  o.h.d.Dialect - HHH000400: Using dialect: org.hibernate.dialect.H2Dialect
6月-04 11:23 INFO  o.h.e.t.j.p.i.JtaPlatformInitiator - HHH000490: Using JtaPlatform implementation: [org.hibernate.engine.transaction.jta.platform.internal.NoJtaPlatform]
6月-04 11:23 INFO  o.s.o.j.LocalContainerEntityManagerFactoryBean - Initialized JPA EntityManagerFactory for persistence unit 'default'
6月-04 11:23 WARN  o.s.b.a.o.j.JpaBaseConfiguration$JpaWebConfiguration - spring.jpa.open-in-view is enabled by default. Therefore, database queries may be performed during view rendering. Explicitly configure spring.jpa.open-in-view to disable this warning
6月-04 11:23 INFO  o.s.s.c.ThreadPoolTaskExecutor - Initializing ExecutorService 'applicationTaskExecutor'
6月-04 11:23 INFO  o.s.b.a.w.s.WelcomePageHandlerMapping - Adding welcome page: class path resource [public/index.html]
6月-04 11:23 INFO  a.DemoTest - Started DemoTest in 5.563 seconds (JVM running for 6.932)
6月-04 11:23 INFO  a.DemoTest - F:\code\java\信息安全实验\project\web
]]></system-out>
    <system-err><![CDATA[6月 04, 2020 11:23:18 上午 org.junit.platform.launcher.core.DefaultLauncher handleThrowable
警告: TestEngine with ID 'junit-vintage' failed to discover tests
java.lang.NoClassDefFoundError: junit/runner/Version
	at org.junit.vintage.engine.JUnit4VersionCheck.checkSupported(JUnit4VersionCheck.java:32)
	at org.junit.vintage.engine.VintageTestEngine.discover(VintageTestEngine.java:61)
	at org.junit.platform.launcher.core.DefaultLauncher.discoverEngineRoot(DefaultLauncher.java:168)
	at org.junit.platform.launcher.core.DefaultLauncher.discoverRoot(DefaultLauncher.java:155)
	at org.junit.platform.launcher.core.DefaultLauncher.discover(DefaultLauncher.java:120)
	at org.apache.maven.surefire.junitplatform.TestPlanScannerFilter.accept(TestPlanScannerFilter.java:56)
	at org.apache.maven.surefire.util.DefaultScanResult.applyFilter(DefaultScanResult.java:102)
	at org.apache.maven.surefire.junitplatform.JUnitPlatformProvider.scanClasspath(JUnitPlatformProvider.java:143)
	at org.apache.maven.surefire.junitplatform.JUnitPlatformProvider.invoke(JUnitPlatformProvider.java:124)
	at org.apache.maven.surefire.booter.ForkedBooter.invokeProviderInSameClassLoader(ForkedBooter.java:384)
	at org.apache.maven.surefire.booter.ForkedBooter.runSuitesInProcess(ForkedBooter.java:345)
	at org.apache.maven.surefire.booter.ForkedBooter.execute(ForkedBooter.java:126)
	at org.apache.maven.surefire.booter.ForkedBooter.main(ForkedBooter.java:418)
Caused by: java.lang.ClassNotFoundException: junit.runner.Version
	at java.base/jdk.internal.loader.BuiltinClassLoader.loadClass(BuiltinClassLoader.java:602)
	at java.base/jdk.internal.loader.ClassLoaders$AppClassLoader.loadClass(ClassLoaders.java:178)
	at java.base/java.lang.ClassLoader.loadClass(ClassLoader.java:522)
	... 13 more

6月 04, 2020 11:23:19 上午 org.junit.platform.launcher.core.DefaultLauncher handleThrowable
警告: TestEngine with ID 'junit-vintage' failed to discover tests
java.lang.NoClassDefFoundError: junit/runner/Version
	at org.junit.vintage.engine.JUnit4VersionCheck.checkSupported(JUnit4VersionCheck.java:32)
	at org.junit.vintage.engine.VintageTestEngine.discover(VintageTestEngine.java:61)
	at org.junit.platform.launcher.core.DefaultLauncher.discoverEngineRoot(DefaultLauncher.java:168)
	at org.junit.platform.launcher.core.DefaultLauncher.discoverRoot(DefaultLauncher.java:155)
	at org.junit.platform.launcher.core.DefaultLauncher.execute(DefaultLauncher.java:128)
	at org.apache.maven.surefire.junitplatform.JUnitPlatformProvider.invokeAllTests(JUnitPlatformProvider.java:150)
	at org.apache.maven.surefire.junitplatform.JUnitPlatformProvider.invoke(JUnitPlatformProvider.java:124)
	at org.apache.maven.surefire.booter.ForkedBooter.invokeProviderInSameClassLoader(ForkedBooter.java:384)
	at org.apache.maven.surefire.booter.ForkedBooter.runSuitesInProcess(ForkedBooter.java:345)
	at org.apache.maven.surefire.booter.ForkedBooter.execute(ForkedBooter.java:126)
	at org.apache.maven.surefire.booter.ForkedBooter.main(ForkedBooter.java:418)

]]></system-err>
  </testcase>
  <testcase name="testMybatis" classname="application.DemoTest" time="0.526"/>
  <testcase name="testConfig" classname="application.DemoTest" time="0.003"/>
</testsuite>